<?xml version="1.0" encoding="UTF-8"?>
<!-- Generated by org.testng.reporters.JUnitReportReporter -->
<testsuite hostname="Rupeshs-MacBook-Pro.local" name="com.test.flipkart.LoginTest" tests="1" failures="0" timestamp="3 Feb 2017 16:56:34 GMT" time="18.667" errors="0">
  <testcase name="loginTest" time="18.667" classname="com.test.flipkart.LoginTest"/>
</testsuite> <!-- com.test.flipkart.LoginTest -->
