<?xml version="1.0" encoding="UTF-8"?>
<!-- Generated by org.testng.reporters.JUnitReportReporter -->
<testsuite hostname="Rupeshs-MacBook-Pro.local" name="com.test.flipkart.BaseTest" tests="1" failures="0" timestamp="3 Feb 2017 13:37:15 GMT" time="7.173" errors="0">
  <testcase name="test" time="7.173" classname="com.test.flipkart.BaseTest"/>
</testsuite> <!-- com.test.flipkart.BaseTest -->
