<?xml version="1.0" encoding="UTF-8"?>
<!-- Generated by org.testng.reporters.JUnitReportReporter -->
<testsuite hostname="Rupeshs-MacBook-Pro.local" name="com.test.libs.GmailTest" tests="1" failures="0" timestamp="4 Feb 2017 08:26:09 GMT" time="10.742" errors="0">
  <testcase name="test" time="10.742" classname="com.test.libs.GmailTest"/>
</testsuite> <!-- com.test.libs.GmailTest -->
