<?xml version="1.0" encoding="UTF-8"?>
<!-- Generated by org.testng.reporters.JUnitReportReporter -->
<testsuite name="com.test.flipkart.LoginTest" tests="1" time="21.254" ignored="0" failures="0" timestamp="06 Feb 2017 10:50:58 GMT" skipped="0" hostname="Rupeshs-MacBook-Pro.local" errors="0">
  <testcase name="loginTest" time="21.254" classname="com.test.flipkart.LoginTest"/>
</testsuite> <!-- com.test.flipkart.LoginTest -->
