<?xml version="1.0" encoding="UTF-8"?>
<!-- Generated by org.testng.reporters.JUnitReportReporter -->
<testsuite hostname="Rupeshs-MacBook-Pro.local" name="com.test.utilities.BaseTest" tests="1" failures="0" timestamp="3 Feb 2017 13:41:23 GMT" time="6.633" errors="0">
  <testcase name="test" time="6.633" classname="com.test.utilities.BaseTest"/>
</testsuite> <!-- com.test.utilities.BaseTest -->
