<?xml version="1.0" encoding="UTF-8"?>
<!-- Generated by org.testng.reporters.JUnitReportReporter -->
<testsuite name="com.test.flipkart.SearchProduct" tests="2" time="33.135" ignored="0" failures="0" timestamp="06 Feb 2017 10:50:58 GMT" skipped="1" hostname="Rupeshs-MacBook-Pro.local" errors="1">
  <testcase name="searchProduct" time="17.757" classname="com.test.flipkart.SearchProduct">
    <skipped/>
  </testcase> <!-- searchProduct -->
  <testcase name="searchProduct" time="15.378" classname="com.test.flipkart.SearchProduct">
    <error type="java.lang.RuntimeException" message="Unable to perform click action on element[[FirefoxDriver: firefox on MAC (e3e70157-27e3-7a42-bf24-bfc05bd06304)] -&gt; css selector: #nav-search-submit-text]">
      <![CDATA[java.lang.RuntimeException: Unable to perform click action on element[[FirefoxDriver: firefox on MAC (e3e70157-27e3-7a42-bf24-bfc05bd06304)] -> css selector: #nav-search-submit-text]
	at com.test.accelarators.ActionEngine.click(ActionEngine.java:110)
	at com.test.libs.AppLogin.searchItem(AppLogin.java:27)
	at com.test.flipkart.SearchProduct.searchProduct(SearchProduct.java:14)
	at sun.reflect.NativeMethodAccessorImpl.invoke0(Native Method)
	at sun.reflect.NativeMethodAccessorImpl.invoke(NativeMethodAccessorImpl.java:62)
	at sun.reflect.DelegatingMethodAccessorImpl.invoke(DelegatingMethodAccessorImpl.java:43)
	at java.lang.reflect.Method.invoke(Method.java:497)
	at org.testng.internal.MethodInvocationHelper.invokeMethod(MethodInvocationHelper.java:104)
	at org.testng.internal.Invoker.invokeMethod(Invoker.java:645)
	at org.testng.internal.Invoker.retryFailed(Invoker.java:998)
	at org.testng.internal.Invoker.invokeTestMethods(Invoker.java:1200)
	at org.testng.internal.TestMethodWorker.invokeTestMethods(TestMethodWorker.java:129)
	at org.testng.internal.TestMethodWorker.run(TestMethodWorker.java:112)
	at java.util.concurrent.ThreadPoolExecutor.runWorker(ThreadPoolExecutor.java:1142)
	at java.util.concurrent.ThreadPoolExecutor$Worker.run(ThreadPoolExecutor.java:617)
	at java.lang.Thread.run(Thread.java:745)
]]>
    </error>
  </testcase> <!-- searchProduct -->
</testsuite> <!-- com.test.flipkart.SearchProduct -->
