<?xml version="1.0" encoding="UTF-8"?>
<!-- Generated by org.testng.reporters.JUnitReportReporter -->
<testsuite name="com.test.flipkart.FirstTest" tests="1" time="10.427" ignored="0" failures="0" timestamp="06 Feb 2017 05:21:40 GMT" skipped="0" hostname="Rupeshs-MacBook-Pro.local" errors="0">
  <testcase name="methodOne" time="10.427" classname="com.test.flipkart.FirstTest"/>
</testsuite> <!-- com.test.flipkart.FirstTest -->
